<?xml version="1.0" encoding="UTF-8"?>
<!-- Generated by org.testng.reporters.JUnitReportReporter -->
<testsuite hostname="nymfe56" name="cz.fi.muni.pa165.tasks.Task01" tests="1" failures="0" timestamp="11 Oct 2017 06:49:00 GMT" time="0.073" errors="0">
  <testcase name="categoryTest" time="0.073" classname="cz.fi.muni.pa165.tasks.Task01"/>
</testsuite> <!-- cz.fi.muni.pa165.tasks.Task01 -->
